<?xml version="1.0" encoding="UTF-8"?>
<Site BuildName="Win32-MSBuild"
	BuildStamp="20251030-1701-Experimental"
	Name="GlorifiedKindle"
	Generator="ctest-4.1.1"
	CompilerName="C:/Program Files (x86)/Microsoft Visual Studio/2022/BuildTools/VC/Tools/MSVC/14.44.35207/bin/Hostx86/x86/cl.exe"
	CompilerVersion="19.44.35217.0"
	OSName="Windows"
	Hostname="GlorifiedKindle"
	OSRelease=" Personal"
	OSVersion=" (Build 26100)"
	OSPlatform="AMD64"
	Is64Bits="1"
	VendorString="GenuineIntel"
	VendorID="Intel Corporation"
	FamilyID="6"
	ModelID="10"
	ModelName=""
	ProcessorCacheSize="-1"
	NumberOfLogicalCPU="12"
	NumberOfPhysicalCPU="10"
	TotalVirtualMemory="25936"
	TotalPhysicalMemory="16208"
	LogicalProcessorsPerPhysical="1"
	ProcessorClockFrequency="2600"
	>
	<Testing>
		<StartDateTime>Nov 04 18:52 Pacific Standard Time</StartDateTime>
		<StartTestTime>1762311121</StartTestTime>
		<TestList/>
		<EndDateTime>Nov 04 18:52 Pacific Standard Time</EndDateTime>
		<EndTestTime>1762311121</EndTestTime>
		<ElapsedMinutes>0</ElapsedMinutes>
	</Testing>
</Site>
